<?xml version="1.0" encoding="utf-8"?>
<testsuites>
  <testsuite id="0" name="cargo test #0" package="testsuite/cargo test #0" tests="184" errors="0" failures="0" hostname="localhost" timestamp="2023-07-23T06:59:15.285007207Z" time="0.314038051">
    <testcase name="case_01_f23_98" time="0.001210498" classname="framerate_test::test::test_framerate_consts" />
    <testcase name="case_02_f24" time="0.0001461" classname="framerate_test::test::test_framerate_consts" />
    <testcase name="case_03_f29_97_ndf" time="0.000007" classname="framerate_test::test::test_framerate_consts" />
    <testcase name="case_04_f29_97_ndf" time="0.0000062" classname="framerate_test::test::test_framerate_consts" />
    <testcase name="case_05_f29_97_df" time="0.000197099" classname="framerate_test::test::test_framerate_consts" />
    <testcase name="case_06_f30" time="0.0000041" classname="framerate_test::test::test_framerate_consts" />
    <testcase name="case_07_f47_95" time="0.0000065" classname="framerate_test::test::test_framerate_consts" />
    <testcase name="case_08_f48" time="0.0000038" classname="framerate_test::test::test_framerate_consts" />
    <testcase name="case_09_f59_94_ndf" time="0.0000065" classname="framerate_test::test::test_framerate_consts" />
    <testcase name="case_10_f59_94_df" time="0.0000067" classname="framerate_test::test::test_framerate_consts" />
    <testcase name="case_11_f60" time="0.0000039" classname="framerate_test::test::test_framerate_consts" />
    <testcase name="case_1" time="0.000811099" classname="framerate_test::test::test_framerate_display" />
    <testcase name="case_2" time="0.0001092" classname="framerate_test::test::test_framerate_display" />
    <testcase name="case_3" time="0.0000712" classname="framerate_test::test::test_framerate_display" />
    <testcase name="case_1" time="0.0000034" classname="framerate_test::test::test_ntsc" />
    <testcase name="case_2" time="0.0000031" classname="framerate_test::test::test_ntsc" />
    <testcase name="case_3" time="0.0000039" classname="framerate_test::test::test_ntsc" />
    <testcase name="case_01_float_2398_ntsc_playback" time="0.000963098" classname="framerate_test::test::test_parse_framerate" />
    <testcase name="case_02_float_2398_ntsc_timebase" time="0.0002676" classname="framerate_test::test::test_parse_framerate" />
    <testcase name="case_03_strfloat_2398_ntsc_plaback" time="0.000602" classname="framerate_test::test::test_parse_framerate" />
    <testcase name="case_04_strfloat_2398_ntsc_base" time="0.0002034" classname="framerate_test::test::test_parse_framerate" />
    <testcase name="case_05_int_2398_ntsc_timebase" time="0.0000092" classname="framerate_test::test::test_parse_framerate" />
    <testcase name="case_06_rational_2398_ntsc_playback" time="0.0001974" classname="framerate_test::test::test_parse_framerate" />
    <testcase name="case_07_rational_2398_ntsc_timebase" time="0.00019" classname="framerate_test::test::test_parse_framerate" />
    <testcase name="case_08_int_24_timebase" time="0.0000627" classname="framerate_test::test::test_parse_framerate" />
    <testcase name="case_09_int_24_playback" time="0.0002085" classname="framerate_test::test::test_parse_framerate" />
    <testcase name="case_10_rational_2398_playback" time="0.0000053" classname="framerate_test::test::test_parse_framerate" />
    <testcase name="case_11_rational_2398_timebase" time="0.0000055" classname="framerate_test::test::test_parse_framerate" />
    <testcase name="case_12_rational_2398_timebase" time="0.0000054" classname="framerate_test::test::test_parse_framerate" />
    <testcase name="case_13_rational_2398_playback" time="0.0000051" classname="framerate_test::test::test_parse_framerate" />
    <testcase name="case_14_float_2997_drop_playback" time="0.0000863" classname="framerate_test::test::test_parse_framerate" />
    <testcase name="case_15_float_2997_drop_timebase" time="0.0000105" classname="framerate_test::test::test_parse_framerate" />
    <testcase name="case_16_int_2997_drop_timebase" time="0.0000083" classname="framerate_test::test::test_parse_framerate" />
    <testcase name="case_17_rational_2997_drop_playback" time="0.0000074" classname="framerate_test::test::test_parse_framerate" />
    <testcase name="case_18_rational_2997_drop_timebase" time="0.0000082" classname="framerate_test::test::test_parse_framerate" />
    <testcase name="case_19_strfloat_2997_drop_playback" time="0.0000172" classname="framerate_test::test::test_parse_framerate" />
    <testcase name="case_20_strfloat_2997_drop_timebase" time="0.0000127" classname="framerate_test::test::test_parse_framerate" />
    <testcase name="case_21_strint_2997_drop_timebase" time="0.0001008" classname="framerate_test::test::test_parse_framerate" />
    <testcase name="case_22_strrational_2997_drop_playback" time="0.0000105" classname="framerate_test::test::test_parse_framerate" />
    <testcase name="case_23_strrational_2997_drop_timebase" time="0.0000112" classname="framerate_test::test::test_parse_framerate" />
    <testcase name="case_24_float_5994_drop_playback" time="0.0000126" classname="framerate_test::test::test_parse_framerate" />
    <testcase name="case_25_float_5994_drop_timebase" time="0.0000082" classname="framerate_test::test::test_parse_framerate" />
    <testcase name="case_26_from_i64" time="0.0001884" classname="framerate_test::test::test_parse_framerate" />
    <testcase name="case_27_from_u64" time="0.0003807" classname="framerate_test::test::test_parse_framerate" />
    <testcase name="case_28_from_i32" time="0.0000052" classname="framerate_test::test::test_parse_framerate" />
    <testcase name="case_29_from_u32" time="0.0003033" classname="framerate_test::test::test_parse_framerate" />
    <testcase name="case_30_from_u16" time="0.0003286" classname="framerate_test::test::test_parse_framerate" />
    <testcase name="case_31_from_i16" time="0.0003021" classname="framerate_test::test::test_parse_framerate" />
    <testcase name="case_32_from_i8" time="0.0003021" classname="framerate_test::test::test_parse_framerate" />
    <testcase name="case_33_from_u8" time="0.0003002" classname="framerate_test::test::test_parse_framerate" />
    <testcase name="case_34_from_f32" time="0.0003335" classname="framerate_test::test::test_parse_framerate" />
    <testcase name="case_35_from_rational32" time="0.0004446" classname="framerate_test::test::test_parse_framerate" />
    <testcase name="case_36_error_ntsc_playback_bad_denom" time="0.0001943" classname="framerate_test::test::test_parse_framerate" />
    <testcase name="case_37_error_ntsc_timebase_bad_denom" time="0.0002711" classname="framerate_test::test::test_parse_framerate" />
    <testcase name="case_38_error_drop_frame_bad_value" time="0.000409099" classname="framerate_test::test::test_parse_framerate" />
    <testcase name="case_39_error_drop_frame_bad_value" time="0.0000713" classname="framerate_test::test::test_parse_framerate" />
    <testcase name="case_40_error_negative" time="0.0001479" classname="framerate_test::test::test_parse_framerate" />
    <testcase name="case_41_error_f64_nonntsc" time="0.0001524" classname="framerate_test::test::test_parse_framerate" />
    <testcase name="case_42_error_f32_nonntsc" time="0.000187" classname="framerate_test::test::test_parse_framerate" />
    <testcase name="case_43_error_u64_overlfow" time="0.000272799" classname="framerate_test::test::test_parse_framerate" />
    <testcase name="test_abs" time="0.005030394" classname="timecode_test_ops::test" />
    <testcase name="case_1" time="0.001002399" classname="timecode_test_ops::test::test_add" />
    <testcase name="case_2" time="0.00007" classname="timecode_test_ops::test::test_add" />
    <testcase name="case_3" time="0.0001016" classname="timecode_test_ops::test::test_add" />
    <testcase name="case_1" time="0.0002368" classname="timecode_test_ops::test::test_comparison" />
    <testcase name="case_2" time="0.0000504" classname="timecode_test_ops::test::test_comparison" />
    <testcase name="case_3" time="0.0000679" classname="timecode_test_ops::test::test_comparison" />
    <testcase name="case_4" time="0.0000525" classname="timecode_test_ops::test::test_comparison" />
    <testcase name="case_5" time="0.0000516" classname="timecode_test_ops::test::test_comparison" />
    <testcase name="case_6" time="0.0000517" classname="timecode_test_ops::test::test_comparison" />
    <testcase name="case_7" time="0.0000711" classname="timecode_test_ops::test::test_comparison" />
    <testcase name="case_8" time="0.0000562" classname="timecode_test_ops::test::test_comparison" />
    <testcase name="case_9" time="0.0000906" classname="timecode_test_ops::test::test_comparison" />
    <testcase name="case_01" time="0.000749599" classname="timecode_test_ops::test::test_divrem" />
    <testcase name="case_02" time="0.001058299" classname="timecode_test_ops::test::test_divrem" />
    <testcase name="case_03" time="0.000087" classname="timecode_test_ops::test::test_divrem" />
    <testcase name="case_04" time="0.0000774" classname="timecode_test_ops::test::test_divrem" />
    <testcase name="case_05" time="0.0000692" classname="timecode_test_ops::test::test_divrem" />
    <testcase name="case_06" time="0.0000858" classname="timecode_test_ops::test::test_divrem" />
    <testcase name="case_07" time="0.0000826" classname="timecode_test_ops::test::test_divrem" />
    <testcase name="case_08" time="0.0000724" classname="timecode_test_ops::test::test_divrem" />
    <testcase name="case_09" time="0.0000641" classname="timecode_test_ops::test::test_divrem" />
    <testcase name="case_10" time="0.0000687" classname="timecode_test_ops::test::test_divrem" />
    <testcase name="case_11" time="0.0000662" classname="timecode_test_ops::test::test_divrem" />
    <testcase name="case_12" time="0.0000769" classname="timecode_test_ops::test::test_divrem" />
    <testcase name="case_13" time="0.0000838" classname="timecode_test_ops::test::test_divrem" />
    <testcase name="case_14" time="0.000069699" classname="timecode_test_ops::test::test_divrem" />
    <testcase name="case_15" time="0.0000836" classname="timecode_test_ops::test::test_divrem" />
    <testcase name="case_1" time="0.0004711" classname="timecode_test_ops::test::test_multiply" />
    <testcase name="case_2" time="0.0004293" classname="timecode_test_ops::test::test_multiply" />
    <testcase name="case_3" time="0.0000548" classname="timecode_test_ops::test::test_multiply" />
    <testcase name="case_4" time="0.0000533" classname="timecode_test_ops::test::test_multiply" />
    <testcase name="case_5" time="0.0000615" classname="timecode_test_ops::test::test_multiply" />
    <testcase name="case_6" time="0.0000504" classname="timecode_test_ops::test::test_multiply" />
    <testcase name="case_7" time="0.0000487" classname="timecode_test_ops::test::test_multiply" />
    <testcase name="case_8" time="0.0000754" classname="timecode_test_ops::test::test_multiply" />
    <testcase name="test_negative" time="0.0002048" classname="timecode_test_ops::test" />
    <testcase name="case_1" time="0.0001753" classname="timecode_test_ops::test::test_rebase" />
    <testcase name="case_1" time="0.0001089" classname="timecode_test_ops::test::test_sort_timecodes" />
    <testcase name="case_1" time="0.0002974" classname="timecode_test_ops::test::test_subtract" />
    <testcase name="case_2" time="0.0000702" classname="timecode_test_ops::test::test_subtract" />
    <testcase name="case_3" time="0.0000702" classname="timecode_test_ops::test::test_subtract" />
    <testcase name="case_1" time="0.000504599" classname="timecode_test_parse::test::test_footage_dims" />
    <testcase name="case_2" time="0.0000594" classname="timecode_test_parse::test::test_footage_dims" />
    <testcase name="case_3" time="0.0000764" classname="timecode_test_parse::test::test_footage_dims" />
    <testcase name="case_4" time="0.0001009" classname="timecode_test_parse::test::test_footage_dims" />
    <testcase name="case_1" time="0.000775299" classname="timecode_test_parse::test::test_parse_bad_drop_frame" />
    <testcase name="case_2" time="0.0000489" classname="timecode_test_parse::test::test_parse_bad_drop_frame" />
    <testcase name="case_3" time="0.0000358" classname="timecode_test_parse::test::test_parse_bad_drop_frame" />
    <testcase name="case_4" time="0.0000357" classname="timecode_test_parse::test::test_parse_bad_drop_frame" />
    <testcase name="case_5" time="0.0000355" classname="timecode_test_parse::test::test_parse_bad_drop_frame" />
    <testcase name="case_6" time="0.000037599" classname="timecode_test_parse::test::test_parse_bad_drop_frame" />
    <testcase name="case_7" time="0.0000358" classname="timecode_test_parse::test::test_parse_bad_drop_frame" />
    <testcase name="case_8" time="0.0000356" classname="timecode_test_parse::test::test_parse_bad_drop_frame" />
    <testcase name="case_1" time="0.001430898" classname="timecode_test_parse::test::test_parse_overflows" />
    <testcase name="case_2" time="0.000043" classname="timecode_test_parse::test::test_parse_overflows" />
    <testcase name="case_3" time="0.0000426" classname="timecode_test_parse::test::test_parse_overflows" />
    <testcase name="case_4" time="0.0000426" classname="timecode_test_parse::test::test_parse_overflows" />
    <testcase name="case_5" time="0.0000425" classname="timecode_test_parse::test::test_parse_overflows" />
    <testcase name="case_6" time="0.0000423" classname="timecode_test_parse::test::test_parse_overflows" />
    <testcase name="case_7" time="0.0000423" classname="timecode_test_parse::test::test_parse_overflows" />
    <testcase name="case_8" time="0.0000418" classname="timecode_test_parse::test::test_parse_overflows" />
    <testcase name="case_9" time="0.0000419" classname="timecode_test_parse::test::test_parse_overflows" />
    <testcase name="case_1" time="0.003217896" classname="timecode_test_parse::test::test_parse_partial_runtime" />
    <testcase name="case_2" time="0.0002831" classname="timecode_test_parse::test::test_parse_partial_runtime" />
    <testcase name="case_3" time="0.0000467" classname="timecode_test_parse::test::test_parse_partial_runtime" />
    <testcase name="case_4" time="0.0001611" classname="timecode_test_parse::test::test_parse_partial_runtime" />
    <testcase name="case_5" time="0.0000664" classname="timecode_test_parse::test::test_parse_partial_runtime" />
    <testcase name="case_6" time="0.0000546" classname="timecode_test_parse::test::test_parse_partial_runtime" />
    <testcase name="case_7" time="0.0000462" classname="timecode_test_parse::test::test_parse_partial_runtime" />
    <testcase name="case_8" time="0.0000858" classname="timecode_test_parse::test::test_parse_partial_runtime" />
    <testcase name="case_1" time="0.0000459" classname="timecode_test_parse::test::test_parse_partial_tc" />
    <testcase name="case_2" time="0.0002095" classname="timecode_test_parse::test::test_parse_partial_tc" />
    <testcase name="case_3" time="0.0000427" classname="timecode_test_parse::test::test_parse_partial_tc" />
    <testcase name="case_4" time="0.0001318" classname="timecode_test_parse::test::test_parse_partial_tc" />
    <testcase name="case_5" time="0.0000448" classname="timecode_test_parse::test::test_parse_partial_tc" />
    <testcase name="case_6" time="0.0001332" classname="timecode_test_parse::test::test_parse_partial_tc" />
    <testcase name="case_7" time="0.0000536" classname="timecode_test_parse::test::test_parse_partial_tc" />
    <testcase name="case_8" time="0.0000446" classname="timecode_test_parse::test::test_parse_partial_tc" />
    <testcase name="case_01_t01_00_00_00_f23_98" time="0.009356289" classname="timecode_test_parse::test::test_parse_timecode" />
    <testcase name="case_02_t01_00_00_00_f23_98_negative" time="0.005198894" classname="timecode_test_parse::test::test_parse_timecode" />
    <testcase name="case_03_t00_40_00_00_f23_98" time="0.0004867" classname="timecode_test_parse::test::test_parse_timecode" />
    <testcase name="case_04_t00_40_00_00_f23_98_negative" time="0.000490299" classname="timecode_test_parse::test::test_parse_timecode" />
    <testcase name="case_05_t01_00_00_00_f24" time="0.000673399" classname="timecode_test_parse::test::test_parse_timecode" />
    <testcase name="case_06_t01_00_00_00_f24_negative" time="0.0004005" classname="timecode_test_parse::test::test_parse_timecode" />
    <testcase name="case_07_t00_40_00_00_f24" time="0.000448699" classname="timecode_test_parse::test::test_parse_timecode" />
    <testcase name="case_08_t00_40_00_00_f24_negative" time="0.0003598" classname="timecode_test_parse::test::test_parse_timecode" />
    <testcase name="case_09_t00_00_00_00_f29_97_df" time="0.001684098" classname="timecode_test_parse::test::test_parse_timecode" />
    <testcase name="case_10_t00_01_01_00_f29_97_df" time="0.001043499" classname="timecode_test_parse::test::test_parse_timecode" />
    <testcase name="case_11_t00_00_02_02_f29_97_df" time="0.000745899" classname="timecode_test_parse::test::test_parse_timecode" />
    <testcase name="case_12_t00_00_02_02_f29_97_df_negative" time="0.000414199" classname="timecode_test_parse::test::test_parse_timecode" />
    <testcase name="case_13_t00_01_00_02_f29_97_df" time="0.000369399" classname="timecode_test_parse::test::test_parse_timecode" />
    <testcase name="case_14_t00_00_01_02_f29_97_df_negative" time="0.000386999" classname="timecode_test_parse::test::test_parse_timecode" />
    <testcase name="case_15_t00_10_00_00_f29_97_df" time="0.000413599" classname="timecode_test_parse::test::test_parse_timecode" />
    <testcase name="case_16_t00_10_00_00_f29_97_df_negative" time="0.000427099" classname="timecode_test_parse::test::test_parse_timecode" />
    <testcase name="case_17_t00_11_00_02_f29_97_df" time="0.000400599" classname="timecode_test_parse::test::test_parse_timecode" />
    <testcase name="case_18_t00_11_00_02_f29_97_df_negative" time="0.0003425" classname="timecode_test_parse::test::test_parse_timecode" />
    <testcase name="case_19_t01_00_00_00_f29_97_df" time="0.0004874" classname="timecode_test_parse::test::test_parse_timecode" />
    <testcase name="case_20_t01_00_00_00_f29_97_df_negative" time="0.0003493" classname="timecode_test_parse::test::test_parse_timecode" />
    <testcase name="case_21_t00_00_00_00_f59_94_df" time="0.0003022" classname="timecode_test_parse::test::test_parse_timecode" />
    <testcase name="case_22_t00_00_01_01_f59_94_df" time="0.0004499" classname="timecode_test_parse::test::test_parse_timecode" />
    <testcase name="case_23_t00_00_01_01_f59_94_df_negative" time="0.0003797" classname="timecode_test_parse::test::test_parse_timecode" />
    <testcase name="case_24_t00_00_01_03_f59_94_df" time="0.0004672" classname="timecode_test_parse::test::test_parse_timecode" />
    <testcase name="case_25_t00_00_01_03_f59_94_df_negative" time="0.0003835" classname="timecode_test_parse::test::test_parse_timecode" />
    <testcase name="case_26_t00_01_00_04_f59_94_df" time="0.0004902" classname="timecode_test_parse::test::test_parse_timecode" />
    <testcase name="case_27_t00_01_00_04_f59_94_df" time="0.00015" classname="timecode_test_parse::test::test_parse_timecode" />
    <testcase name="case_28_t00_01_00_04_f59_94_df_negative" time="0.0003493" classname="timecode_test_parse::test::test_parse_timecode" />
    <testcase name="case_29_t123_17_34_217_f239_76_ndf_negative" time="0.000321" classname="timecode_test_parse::test::test_parse_timecode" />
    <testcase name="case_1" time="0.0002622" classname="timecode_test_parse::test::test_threeperf_generation" />
    <testcase name="case_2" time="0.0000103" classname="timecode_test_parse::test::test_threeperf_generation" />
    <testcase name="case_3" time="0.0000094" classname="timecode_test_parse::test::test_threeperf_generation" />
    <testcase name="case_4" time="0.0000091" classname="timecode_test_parse::test::test_threeperf_generation" />
    <testcase name="case_5" time="0.0000097" classname="timecode_test_parse::test::test_threeperf_generation" />
    <testcase name="case_6" time="0.0000094" classname="timecode_test_parse::test::test_threeperf_generation" />
    <testcase name="case_7" time="0.0000101" classname="timecode_test_parse::test::test_threeperf_generation" />
    <testcase name="case_1" time="0.000267999" classname="timecode_test_parse::test::test_threeperf_parsing" />
    <testcase name="case_2" time="0.0000288" classname="timecode_test_parse::test::test_threeperf_parsing" />
    <testcase name="case_3" time="0.0000292" classname="timecode_test_parse::test::test_threeperf_parsing" />
    <testcase name="case_4" time="0.000045999" classname="timecode_test_parse::test::test_threeperf_parsing" />
    <testcase name="case_5" time="0.000028599" classname="timecode_test_parse::test::test_threeperf_parsing" />
    <testcase name="case_6" time="0.000029" classname="timecode_test_parse::test::test_threeperf_parsing" />
    <testcase name="case_7" time="0.0000313" classname="timecode_test_parse::test::test_threeperf_parsing" />
    <testcase name="test_event_parsing" time="0.19465798" classname="timecode_test_table::test" />
    <testcase name="test_sequence_totals" time="0.060493731" classname="timecode_test_table::test" />
  </testsuite>
</testsuites>
