<?xml version="1.0" encoding="utf-8"?>
<testsuites>
  <testsuite id="0" name="cargo test #0" package="testsuite/cargo test #0" tests="166" errors="0" failures="0" hostname="localhost" timestamp="2023-03-25T21:13:31.503817734Z" time="0.363401498">
    <testcase name="case_01_f23_98" time="0.001424657" classname="framerate_test::test::test_framerate_consts" />
    <testcase name="case_02_f24" time="0.000179007" classname="framerate_test::test::test_framerate_consts" />
    <testcase name="case_03_f29_97_ndf" time="0.000007601" classname="framerate_test::test::test_framerate_consts" />
    <testcase name="case_04_f29_97_ndf" time="0.0000073" classname="framerate_test::test::test_framerate_consts" />
    <testcase name="case_05_f29_97_df" time="0.00024271" classname="framerate_test::test::test_framerate_consts" />
    <testcase name="case_06_f30" time="0.0000047" classname="framerate_test::test::test_framerate_consts" />
    <testcase name="case_07_f47_95" time="0.0000075" classname="framerate_test::test::test_framerate_consts" />
    <testcase name="case_08_f48" time="0.0000046" classname="framerate_test::test::test_framerate_consts" />
    <testcase name="case_09_f59_94_ndf" time="0.0000073" classname="framerate_test::test::test_framerate_consts" />
    <testcase name="case_10_f59_94_df" time="0.000015801" classname="framerate_test::test::test_framerate_consts" />
    <testcase name="case_11_f60" time="0.000006" classname="framerate_test::test::test_framerate_consts" />
    <testcase name="case_1" time="0.001027341" classname="framerate_test::test::test_framerate_display" />
    <testcase name="case_2" time="0.000159906" classname="framerate_test::test::test_framerate_display" />
    <testcase name="case_3" time="0.000183407" classname="framerate_test::test::test_framerate_display" />
    <testcase name="case_1" time="0.0000037" classname="framerate_test::test::test_ntsc" />
    <testcase name="case_2" time="0.0000033" classname="framerate_test::test::test_ntsc" />
    <testcase name="case_3" time="0.0000034" classname="framerate_test::test::test_ntsc" />
    <testcase name="case_01_float_2398_ntsc_playback" time="0.001343154" classname="framerate_test::test::test_parse_framerate" />
    <testcase name="case_02_float_2398_ntsc_timebase" time="0.000269011" classname="framerate_test::test::test_parse_framerate" />
    <testcase name="case_03_strfloat_2398_ntsc_plaback" time="0.00076133" classname="framerate_test::test::test_parse_framerate" />
    <testcase name="case_04_strfloat_2398_ntsc_base" time="0.000305612" classname="framerate_test::test::test_parse_framerate" />
    <testcase name="case_05_int_2398_ntsc_timebase" time="0.000010401" classname="framerate_test::test::test_parse_framerate" />
    <testcase name="case_06_rational_2398_ntsc_playback" time="0.00023681" classname="framerate_test::test::test_parse_framerate" />
    <testcase name="case_07_rational_2398_ntsc_timebase" time="0.000307813" classname="framerate_test::test::test_parse_framerate" />
    <testcase name="case_08_int_24_timebase" time="0.000076103" classname="framerate_test::test::test_parse_framerate" />
    <testcase name="case_09_int_24_playback" time="0.00024181" classname="framerate_test::test::test_parse_framerate" />
    <testcase name="case_10_rational_2398_playback" time="0.0000061" classname="framerate_test::test::test_parse_framerate" />
    <testcase name="case_11_rational_2398_timebase" time="0.0000063" classname="framerate_test::test::test_parse_framerate" />
    <testcase name="case_12_rational_2398_timebase" time="0.0000059" classname="framerate_test::test::test_parse_framerate" />
    <testcase name="case_13_rational_2398_playback" time="0.000006201" classname="framerate_test::test::test_parse_framerate" />
    <testcase name="case_14_float_2997_drop_playback" time="0.000132406" classname="framerate_test::test::test_parse_framerate" />
    <testcase name="case_15_float_2997_drop_timebase" time="0.000013601" classname="framerate_test::test::test_parse_framerate" />
    <testcase name="case_16_int_2997_drop_timebase" time="0.00001" classname="framerate_test::test::test_parse_framerate" />
    <testcase name="case_17_rational_2997_drop_playback" time="0.0000094" classname="framerate_test::test::test_parse_framerate" />
    <testcase name="case_18_rational_2997_drop_timebase" time="0.000010101" classname="framerate_test::test::test_parse_framerate" />
    <testcase name="case_19_strfloat_2997_drop_playback" time="0.000030302" classname="framerate_test::test::test_parse_framerate" />
    <testcase name="case_20_strfloat_2997_drop_timebase" time="0.000036702" classname="framerate_test::test::test_parse_framerate" />
    <testcase name="case_21_strint_2997_drop_timebase" time="0.000153906" classname="framerate_test::test::test_parse_framerate" />
    <testcase name="case_22_strrational_2997_drop_playback" time="0.000017401" classname="framerate_test::test::test_parse_framerate" />
    <testcase name="case_23_strrational_2997_drop_timebase" time="0.000017301" classname="framerate_test::test::test_parse_framerate" />
    <testcase name="case_24_float_5994_drop_playback" time="0.000021" classname="framerate_test::test::test_parse_framerate" />
    <testcase name="case_25_float_5994_drop_timebase" time="0.000010201" classname="framerate_test::test::test_parse_framerate" />
    <testcase name="case_26_from_i64" time="0.000300612" classname="framerate_test::test::test_parse_framerate" />
    <testcase name="case_27_from_u64" time="0.000477719" classname="framerate_test::test::test_parse_framerate" />
    <testcase name="case_28_from_i32" time="0.0000064" classname="framerate_test::test::test_parse_framerate" />
    <testcase name="case_29_from_u32" time="0.000399916" classname="framerate_test::test::test_parse_framerate" />
    <testcase name="case_30_from_u16" time="0.000384415" classname="framerate_test::test::test_parse_framerate" />
    <testcase name="case_31_from_i16" time="0.000414116" classname="framerate_test::test::test_parse_framerate" />
    <testcase name="case_32_from_i8" time="0.000399816" classname="framerate_test::test::test_parse_framerate" />
    <testcase name="case_33_from_u8" time="0.000423417" classname="framerate_test::test::test_parse_framerate" />
    <testcase name="case_34_from_f32" time="0.000471618" classname="framerate_test::test::test_parse_framerate" />
    <testcase name="case_35_from_rational32" time="0.000515921" classname="framerate_test::test::test_parse_framerate" />
    <testcase name="case_36_error_ntsc_playback_bad_denom" time="0.000273611" classname="framerate_test::test::test_parse_framerate" />
    <testcase name="case_37_error_ntsc_timebase_bad_denom" time="0.000360815" classname="framerate_test::test::test_parse_framerate" />
    <testcase name="case_38_error_drop_frame_bad_value" time="0.00048352" classname="framerate_test::test::test_parse_framerate" />
    <testcase name="case_39_error_drop_frame_bad_value" time="0.000091104" classname="framerate_test::test::test_parse_framerate" />
    <testcase name="case_40_error_negative" time="0.000197508" classname="framerate_test::test::test_parse_framerate" />
    <testcase name="case_41_error_f64_nonntsc" time="0.000219208" classname="framerate_test::test::test_parse_framerate" />
    <testcase name="case_42_error_f32_nonntsc" time="0.000242109" classname="framerate_test::test::test_parse_framerate" />
    <testcase name="case_43_error_u64_overlfow" time="0.000312713" classname="framerate_test::test::test_parse_framerate" />
    <testcase name="test_abs" time="0.005141605" classname="timecode_test_ops::test" />
    <testcase name="case_1" time="0.000895336" classname="timecode_test_ops::test::test_add" />
    <testcase name="case_2" time="0.000098704" classname="timecode_test_ops::test::test_add" />
    <testcase name="case_3" time="0.000100704" classname="timecode_test_ops::test::test_add" />
    <testcase name="case_1" time="0.000330013" classname="timecode_test_ops::test::test_comparison" />
    <testcase name="case_2" time="0.000077804" classname="timecode_test_ops::test::test_comparison" />
    <testcase name="case_3" time="0.000075603" classname="timecode_test_ops::test::test_comparison" />
    <testcase name="case_4" time="0.000180208" classname="timecode_test_ops::test::test_comparison" />
    <testcase name="case_5" time="0.000077903" classname="timecode_test_ops::test::test_comparison" />
    <testcase name="case_6" time="0.000077803" classname="timecode_test_ops::test::test_comparison" />
    <testcase name="case_7" time="0.000079403" classname="timecode_test_ops::test::test_comparison" />
    <testcase name="case_8" time="0.000103204" classname="timecode_test_ops::test::test_comparison" />
    <testcase name="case_9" time="0.000090203" classname="timecode_test_ops::test::test_comparison" />
    <testcase name="case_01" time="0.000810332" classname="timecode_test_ops::test::test_divrem" />
    <testcase name="case_02" time="0.001070443" classname="timecode_test_ops::test::test_divrem" />
    <testcase name="case_03" time="0.000093404" classname="timecode_test_ops::test::test_divrem" />
    <testcase name="case_04" time="0.000102604" classname="timecode_test_ops::test::test_divrem" />
    <testcase name="case_05" time="0.000093704" classname="timecode_test_ops::test::test_divrem" />
    <testcase name="case_06" time="0.000167707" classname="timecode_test_ops::test::test_divrem" />
    <testcase name="case_07" time="0.000107704" classname="timecode_test_ops::test::test_divrem" />
    <testcase name="case_08" time="0.000112704" classname="timecode_test_ops::test::test_divrem" />
    <testcase name="case_09" time="0.000102904" classname="timecode_test_ops::test::test_divrem" />
    <testcase name="case_10" time="0.000108804" classname="timecode_test_ops::test::test_divrem" />
    <testcase name="case_11" time="0.000101705" classname="timecode_test_ops::test::test_divrem" />
    <testcase name="case_12" time="0.000110105" classname="timecode_test_ops::test::test_divrem" />
    <testcase name="case_13" time="0.000096104" classname="timecode_test_ops::test::test_divrem" />
    <testcase name="case_14" time="0.000105504" classname="timecode_test_ops::test::test_divrem" />
    <testcase name="case_15" time="0.000108304" classname="timecode_test_ops::test::test_divrem" />
    <testcase name="case_1" time="0.000585924" classname="timecode_test_ops::test::test_multiply" />
    <testcase name="case_2" time="0.000613424" classname="timecode_test_ops::test::test_multiply" />
    <testcase name="case_3" time="0.000083303" classname="timecode_test_ops::test::test_multiply" />
    <testcase name="case_4" time="0.000088203" classname="timecode_test_ops::test::test_multiply" />
    <testcase name="case_5" time="0.000115605" classname="timecode_test_ops::test::test_multiply" />
    <testcase name="case_6" time="0.000080103" classname="timecode_test_ops::test::test_multiply" />
    <testcase name="case_7" time="0.000076103" classname="timecode_test_ops::test::test_multiply" />
    <testcase name="case_8" time="0.000082604" classname="timecode_test_ops::test::test_multiply" />
    <testcase name="test_negative" time="0.000366315" classname="timecode_test_ops::test" />
    <testcase name="case_1" time="0.000211209" classname="timecode_test_ops::test::test_rebase" />
    <testcase name="case_1" time="0.000166306" classname="timecode_test_ops::test::test_sort_timecodes" />
    <testcase name="case_1" time="0.000441818" classname="timecode_test_ops::test::test_subtract" />
    <testcase name="case_2" time="0.000106205" classname="timecode_test_ops::test::test_subtract" />
    <testcase name="case_3" time="0.000104404" classname="timecode_test_ops::test::test_subtract" />
    <testcase name="case_1" time="0.001024841" classname="timecode_test_parse::test::test_parse_bad_drop_frame" />
    <testcase name="case_2" time="0.000060702" classname="timecode_test_parse::test::test_parse_bad_drop_frame" />
    <testcase name="case_3" time="0.000060702" classname="timecode_test_parse::test::test_parse_bad_drop_frame" />
    <testcase name="case_4" time="0.000073503" classname="timecode_test_parse::test::test_parse_bad_drop_frame" />
    <testcase name="case_5" time="0.000098104" classname="timecode_test_parse::test::test_parse_bad_drop_frame" />
    <testcase name="case_6" time="0.000064403" classname="timecode_test_parse::test::test_parse_bad_drop_frame" />
    <testcase name="case_7" time="0.000069503" classname="timecode_test_parse::test::test_parse_bad_drop_frame" />
    <testcase name="case_8" time="0.000059803" classname="timecode_test_parse::test::test_parse_bad_drop_frame" />
    <testcase name="case_1" time="0.001387456" classname="timecode_test_parse::test::test_parse_overflows" />
    <testcase name="case_2" time="0.000067903" classname="timecode_test_parse::test::test_parse_overflows" />
    <testcase name="case_3" time="0.000069202" classname="timecode_test_parse::test::test_parse_overflows" />
    <testcase name="case_4" time="0.000063902" classname="timecode_test_parse::test::test_parse_overflows" />
    <testcase name="case_5" time="0.000065903" classname="timecode_test_parse::test::test_parse_overflows" />
    <testcase name="case_6" time="0.000068402" classname="timecode_test_parse::test::test_parse_overflows" />
    <testcase name="case_7" time="0.000059703" classname="timecode_test_parse::test::test_parse_overflows" />
    <testcase name="case_8" time="0.000059602" classname="timecode_test_parse::test::test_parse_overflows" />
    <testcase name="case_9" time="0.000061902" classname="timecode_test_parse::test::test_parse_overflows" />
    <testcase name="case_1" time="0.003494339" classname="timecode_test_parse::test::test_parse_partial_runtime" />
    <testcase name="case_2" time="0.000176507" classname="timecode_test_parse::test::test_parse_partial_runtime" />
    <testcase name="case_3" time="0.000067603" classname="timecode_test_parse::test::test_parse_partial_runtime" />
    <testcase name="case_4" time="0.000187008" classname="timecode_test_parse::test::test_parse_partial_runtime" />
    <testcase name="case_5" time="0.000171507" classname="timecode_test_parse::test::test_parse_partial_runtime" />
    <testcase name="case_6" time="0.000082404" classname="timecode_test_parse::test::test_parse_partial_runtime" />
    <testcase name="case_7" time="0.000075603" classname="timecode_test_parse::test::test_parse_partial_runtime" />
    <testcase name="case_8" time="0.000095603" classname="timecode_test_parse::test::test_parse_partial_runtime" />
    <testcase name="case_1" time="0.000078603" classname="timecode_test_parse::test::test_parse_partial_tc" />
    <testcase name="case_2" time="0.000201008" classname="timecode_test_parse::test::test_parse_partial_tc" />
    <testcase name="case_3" time="0.000432917" classname="timecode_test_parse::test::test_parse_partial_tc" />
    <testcase name="case_4" time="0.00025751" classname="timecode_test_parse::test::test_parse_partial_tc" />
    <testcase name="case_5" time="0.000076803" classname="timecode_test_parse::test::test_parse_partial_tc" />
    <testcase name="case_6" time="0.000255809" classname="timecode_test_parse::test::test_parse_partial_tc" />
    <testcase name="case_7" time="0.000068303" classname="timecode_test_parse::test::test_parse_partial_tc" />
    <testcase name="case_8" time="0.000090903" classname="timecode_test_parse::test::test_parse_partial_tc" />
    <testcase name="case_01_t01_00_00_00_f23_98" time="0.008409535" classname="timecode_test_parse::test::test_parse_timecode" />
    <testcase name="case_02_t01_00_00_00_f23_98_negative" time="0.00074313" classname="timecode_test_parse::test::test_parse_timecode" />
    <testcase name="case_03_t00_40_00_00_f23_98" time="0.000402116" classname="timecode_test_parse::test::test_parse_timecode" />
    <testcase name="case_04_t00_40_00_00_f23_98_negative" time="0.000374615" classname="timecode_test_parse::test::test_parse_timecode" />
    <testcase name="case_05_t01_00_00_00_f24" time="0.000550921" classname="timecode_test_parse::test::test_parse_timecode" />
    <testcase name="case_06_t01_00_00_00_f24_negative" time="0.000306212" classname="timecode_test_parse::test::test_parse_timecode" />
    <testcase name="case_07_t00_40_00_00_f24" time="0.000372315" classname="timecode_test_parse::test::test_parse_timecode" />
    <testcase name="case_08_t00_40_00_00_f24_negative" time="0.000321613" classname="timecode_test_parse::test::test_parse_timecode" />
    <testcase name="case_09_t00_00_00_00_f29_97_df" time="0.00202718" classname="timecode_test_parse::test::test_parse_timecode" />
    <testcase name="case_10_t00_01_01_00_f29_97_df" time="0.00149886" classname="timecode_test_parse::test::test_parse_timecode" />
    <testcase name="case_11_t00_00_02_02_f29_97_df" time="0.008634844" classname="timecode_test_parse::test::test_parse_timecode" />
    <testcase name="case_12_t00_00_02_02_f29_97_df_negative" time="0.000382015" classname="timecode_test_parse::test::test_parse_timecode" />
    <testcase name="case_13_t00_01_00_02_f29_97_df" time="0.000393316" classname="timecode_test_parse::test::test_parse_timecode" />
    <testcase name="case_14_t00_00_01_02_f29_97_df_negative" time="0.000350014" classname="timecode_test_parse::test::test_parse_timecode" />
    <testcase name="case_15_t00_10_00_00_f29_97_df" time="0.000403016" classname="timecode_test_parse::test::test_parse_timecode" />
    <testcase name="case_16_t00_10_00_00_f29_97_df_negative" time="0.000390816" classname="timecode_test_parse::test::test_parse_timecode" />
    <testcase name="case_17_t00_11_00_02_f29_97_df" time="0.000489519" classname="timecode_test_parse::test::test_parse_timecode" />
    <testcase name="case_18_t00_11_00_02_f29_97_df_negative" time="0.000439018" classname="timecode_test_parse::test::test_parse_timecode" />
    <testcase name="case_19_t01_00_00_00_f29_97_df" time="0.000413217" classname="timecode_test_parse::test::test_parse_timecode" />
    <testcase name="case_20_t01_00_00_00_f29_97_df_negative" time="0.000381115" classname="timecode_test_parse::test::test_parse_timecode" />
    <testcase name="case_21_t00_00_00_00_f59_94_df" time="0.000216708" classname="timecode_test_parse::test::test_parse_timecode" />
    <testcase name="case_22_t00_00_01_01_f59_94_df" time="0.000603224" classname="timecode_test_parse::test::test_parse_timecode" />
    <testcase name="case_23_t00_00_01_01_f59_94_df_negative" time="0.000526321" classname="timecode_test_parse::test::test_parse_timecode" />
    <testcase name="case_24_t00_00_01_03_f59_94_df" time="0.000468319" classname="timecode_test_parse::test::test_parse_timecode" />
    <testcase name="case_25_t00_00_01_03_f59_94_df_negative" time="0.000405116" classname="timecode_test_parse::test::test_parse_timecode" />
    <testcase name="case_26_t00_01_00_04_f59_94_df" time="0.000452718" classname="timecode_test_parse::test::test_parse_timecode" />
    <testcase name="case_27_t00_01_00_04_f59_94_df" time="0.000093203" classname="timecode_test_parse::test::test_parse_timecode" />
    <testcase name="case_28_t00_01_00_04_f59_94_df_negative" time="0.000371215" classname="timecode_test_parse::test::test_parse_timecode" />
    <testcase name="case_29_t123_17_34_217_f239_76_ndf_negative" time="0.000329913" classname="timecode_test_parse::test::test_parse_timecode" />
    <testcase name="test_event_parsing" time="0.231346029" classname="timecode_test_table::test" />
    <testcase name="test_sequence_totals" time="0.065033694" classname="timecode_test_table::test" />
  </testsuite>
</testsuites>
